<?xml version="1.0" encoding="UTF-8"?><testsuite errors="0" failures="0" name="Serenity.features.search.SearchByKeywordStory" skipped="0" tests="3" time="18.81" timestamp="2019-05-21T01:06:29.308831+03:00[Europe/Bucharest]"><testcase classname="Serenity.features.search.SearchByKeywordStory" name="Searching by unexisting word should not find page"/><testcase classname="Serenity.features.search.SearchByKeywordStory" name="Searching by keyword banana should display the corresponding article"/><testcase classname="Serenity.features.search.SearchByKeywordStory" name="Searching by keyword apple should display the corresponding article"/></testsuite>